# JRE version: OpenJDK Runtime Environment Temurin-21.0.12.1+1 (21.0.12.1+1) (build 21.0.12.1+1-LTS)
# Java VM: OpenJDK 64-Bit Server VM Temurin-21.0.12.1+1 (21.0.12.1+1-LTS, mixed mode, sharing, tiered, compressed oops, compressed class ptrs, parallel gc, windows-amd64)
GC Precious Log:
 CardTable entry size: 512
 CPUs: 12 total, 12 available
 Memory: 7832M
 Large Page Support: Disabled
 NUMA Support: Disabled
 Compressed Oops: Enabled (32-bit)
 Alignments: Space 512K, Generation 512K, Heap 2M
 Heap Min Capacity: 100M
 Heap Initial Capacity: 100M
 Heap Max Capacity: 2G
 Pre-touch: Disabled
 Parallel Workers: 10
Heap:
 PSYoungGen      total 23040K, used 2596K [0x00000000d5580000, 0x00000000d6e80000, 0x0000000100000000)
  eden space 22016K, 8% used [0x00000000d5580000,0x00000000d575af68,0x00000000d6b00000)
  from space 1024K, 68% used [0x00000000d6d80000,0x00000000d6e2e328,0x00000000d6e80000)
  to   space 1536K, 0% used [0x00000000d6b80000,0x00000000d6b80000,0x00000000d6d00000)
 ParOldGen       total 68608K, used 57073K [0x0000000080000000, 0x0000000084300000, 0x00000000d5580000)
  object space 68608K, 83% used [0x0000000080000000,0x00000000837bc7e0,0x0000000084300000)
 Metaspace       used 69031K, committed 70464K, reserved 1114112K
  class space    used 8109K, committed 8704K, reserved 1048576K
GC Heap History (20 events):
Event: 23.304 GC heap before
{Heap before GC invocations=30 (full 3):
 PSYoungGen      total 23040K, used 22004K [0x00000000d5580000, 0x00000000d7500000, 0x0000000100000000)
  eden space 22016K, 99% used [0x00000000d5580000,0x00000000d6afd2e8,0x00000000d6b00000)
  from space 1024K, 0% used [0x00000000d7400000,0x00000000d7400000,0x00000000d7500000)
  to   space 1024K, 0% used [0x00000000d7300000,0x00000000d7300000,0x00000000d7400000)
 ParOldGen       total 68608K, used 40424K [0x0000000080000000, 0x0000000084300000, 0x00000000d5580000)
  object space 68608K, 58% used [0x0000000080000000,0x000000008277a320,0x0000000084300000)
 Metaspace       used 60660K, committed 62016K, reserved 1114112K
  class space    used 7238K, committed 7808K, reserved 1048576K
}
Event: 23.305 GC heap after
{Heap after GC invocations=30 (full 3):
 PSYoungGen      total 23040K, used 843K [0x00000000d5580000, 0x00000000d7480000, 0x0000000100000000)
  eden space 22016K, 0% used [0x00000000d5580000,0x00000000d5580000,0x00000000d6b00000)
  from space 1024K, 82% used [0x00000000d7300000,0x00000000d73d2c00,0x00000000d7400000)
  to   space 512K, 0% used [0x00000000d7400000,0x00000000d7400000,0x00000000d7480000)
 ParOldGen       total 68608K, used 40432K [0x0000000080000000, 0x0000000084300000, 0x00000000d5580000)
  object space 68608K, 58% used [0x0000000080000000,0x000000008277c320,0x0000000084300000)
 Metaspace       used 60660K, committed 62016K, reserved 1114112K
  class space    used 7238K, committed 7808K, reserved 1048576K
}
Event: 23.758 GC heap before
{Heap before GC invocations=31 (full 3):
 PSYoungGen      total 23040K, used 22859K [0x00000000d5580000, 0x00000000d7480000, 0x0000000100000000)
  eden space 22016K, 100% used [0x00000000d5580000,0x00000000d6b00000,0x00000000d6b00000)
  from space 1024K, 82% used [0x00000000d7300000,0x00000000d73d2c00,0x00000000d7400000)
  to   space 512K, 0% used [0x00000000d7400000,0x00000000d7400000,0x00000000d7480000)
 ParOldGen       total 68608K, used 40432K [0x0000000080000000, 0x0000000084300000, 0x00000000d5580000)
  object space 68608K, 58% used [0x0000000080000000,0x000000008277c320,0x0000000084300000)
 Metaspace       used 62503K, committed 63872K, reserved 1114112K
  class space    used 7430K, committed 8000K, reserved 1048576K
}
Event: 23.761 GC heap after
{Heap after GC invocations=31 (full 3):
 PSYoungGen      total 22528K, used 504K [0x00000000d5580000, 0x00000000d7480000, 0x0000000100000000)
  eden space 22016K, 0% used [0x00000000d5580000,0x00000000d5580000,0x00000000d6b00000)
  from space 512K, 98% used [0x00000000d7400000,0x00000000d747e398,0x00000000d7480000)
  to   space 2048K, 0% used [0x00000000d7080000,0x00000000d7080000,0x00000000d7280000)
 ParOldGen       total 68608K, used 41768K [0x0000000080000000, 0x0000000084300000, 0x00000000d5580000)
  object space 68608K, 60% used [0x0000000080000000,0x00000000828ca080,0x0000000084300000)
 Metaspace       used 62503K, committed 63872K, reserved 1114112K
  class space    used 7430K, committed 8000K, reserved 1048576K
}
Event: 23.909 GC heap before
{Heap before GC invocations=32 (full 3):
 PSYoungGen      total 22528K, used 22520K [0x00000000d5580000, 0x00000000d7480000, 0x0000000100000000)
  eden space 22016K, 100% used [0x00000000d5580000,0x00000000d6b00000,0x00000000d6b00000)
  from space 512K, 98% used [0x00000000d7400000,0x00000000d747e398,0x00000000d7480000)
  to   space 2048K, 0% used [0x00000000d7080000,0x00000000d7080000,0x00000000d7280000)
 ParOldGen       total 68608K, used 41768K [0x0000000080000000, 0x0000000084300000, 0x00000000d5580000)
  object space 68608K, 60% used [0x0000000080000000,0x00000000828ca080,0x0000000084300000)
 Metaspace       used 62701K, committed 64128K, reserved 1114112K
  class space    used 7439K, committed 8064K, reserved 1048576K
}
Event: 23.913 GC heap after
{Heap after GC invocations=32 (full 3):
 PSYoungGen      total 24064K, used 2016K [0x00000000d5580000, 0x00000000d7480000, 0x0000000100000000)
  eden space 22016K, 0% used [0x00000000d5580000,0x00000000d5580000,0x00000000d6b00000)
  from space 2048K, 98% used [0x00000000d7080000,0x00000000d7278030,0x00000000d7280000)
  to   space 2048K, 0% used [0x00000000d7280000,0x00000000d7280000,0x00000000d7480000)
 ParOldGen       total 68608K, used 42601K [0x0000000080000000, 0x0000000084300000, 0x00000000d5580000)
  object space 68608K, 62% used [0x0000000080000000,0x000000008299a530,0x0000000084300000)
 Metaspace       used 62701K, committed 64128K, reserved 1114112K
  class space    used 7439K, committed 8064K, reserved 1048576K
}
Event: 24.033 GC heap before
{Heap before GC invocations=33 (full 3):
 PSYoungGen      total 24064K, used 24032K [0x00000000d5580000, 0x00000000d7480000, 0x0000000100000000)
  eden space 22016K, 100% used [0x00000000d5580000,0x00000000d6b00000,0x00000000d6b00000)
  from space 2048K, 98% used [0x00000000d7080000,0x00000000d7278030,0x00000000d7280000)
  to   space 2048K, 0% used [0x00000000d7280000,0x00000000d7280000,0x00000000d7480000)
 ParOldGen       total 68608K, used 42601K [0x0000000080000000, 0x0000000084300000, 0x00000000d5580000)
  object space 68608K, 62% used [0x0000000080000000,0x000000008299a530,0x0000000084300000)
 Metaspace       used 63095K, committed 64512K, reserved 1114112K
  class space    used 7500K, committed 8128K, reserved 1048576K
}
Event: 24.037 GC heap after
{Heap after GC invocations=33 (full 3):
 PSYoungGen      total 24064K, used 2033K [0x00000000d5580000, 0x00000000d7500000, 0x0000000100000000)
  eden space 22016K, 0% used [0x00000000d5580000,0x00000000d5580000,0x00000000d6b00000)
  from space 2048K, 99% used [0x00000000d7280000,0x00000000d747c430,0x00000000d7480000)
  to   space 5120K, 0% used [0x00000000d6b00000,0x00000000d6b00000,0x00000000d7000000)
 ParOldGen       total 68608K, used 45073K [0x0000000080000000, 0x0000000084300000, 0x00000000d5580000)
  object space 68608K, 65% used [0x0000000080000000,0x0000000082c04560,0x0000000084300000)
 Metaspace       used 63095K, committed 64512K, reserved 1114112K
  class space    used 7500K, committed 8128K, reserved 1048576K
}
Event: 24.124 GC heap before
{Heap before GC invocations=34 (full 3):
 PSYoungGen      total 24064K, used 24049K [0x00000000d5580000, 0x00000000d7500000, 0x0000000100000000)
  eden space 22016K, 100% used [0x00000000d5580000,0x00000000d6b00000,0x00000000d6b00000)
  from space 2048K, 99% used [0x00000000d7280000,0x00000000d747c430,0x00000000d7480000)
  to   space 5120K, 0% used [0x00000000d6b00000,0x00000000d6b00000,0x00000000d7000000)
 ParOldGen       total 68608K, used 45073K [0x0000000080000000, 0x0000000084300000, 0x00000000d5580000)
  object space 68608K, 65% used [0x0000000080000000,0x0000000082c04560,0x0000000084300000)
 Metaspace       used 63125K, committed 64576K, reserved 1114112K
  class space    used 7501K, committed 8128K, reserved 1048576K
}
Event: 24.129 GC heap after
{Heap after GC invocations=34 (full 3):
 PSYoungGen      total 25088K, used 2660K [0x00000000d5580000, 0x00000000d7300000, 0x0000000100000000)
  eden space 22016K, 0% used [0x00000000d5580000,0x00000000d5580000,0x00000000d6b00000)
  from space 3072K, 86% used [0x00000000d6b00000,0x00000000d6d99000,0x00000000d6e00000)
  to   space 3584K, 0% used [0x00000000d6f80000,0x00000000d6f80000,0x00000000d7300000)
 ParOldGen       total 68608K, used 47039K [0x0000000080000000, 0x0000000084300000, 0x00000000d5580000)
  object space 68608K, 68% used [0x0000000080000000,0x0000000082deff30,0x0000000084300000)
 Metaspace       used 63125K, committed 64576K, reserved 1114112K
  class space    used 7501K, committed 8128K, reserved 1048576K
}
Event: 24.221 GC heap before
{Heap before GC invocations=35 (full 3):
 PSYoungGen      total 25088K, used 24676K [0x00000000d5580000, 0x00000000d7300000, 0x0000000100000000)
  eden space 22016K, 100% used [0x00000000d5580000,0x00000000d6b00000,0x00000000d6b00000)
  from space 3072K, 86% used [0x00000000d6b00000,0x00000000d6d99000,0x00000000d6e00000)
  to   space 3584K, 0% used [0x00000000d6f80000,0x00000000d6f80000,0x00000000d7300000)
 ParOldGen       total 68608K, used 47039K [0x0000000080000000, 0x0000000084300000, 0x00000000d5580000)
  object space 68608K, 68% used [0x0000000080000000,0x0000000082deff30,0x0000000084300000)
 Metaspace       used 63159K, committed 64576K, reserved 1114112K
  class space    used 7501K, committed 8128K, reserved 1048576K
}
Event: 24.226 GC heap after
{Heap after GC invocations=35 (full 3):
 PSYoungGen      total 24576K, used 2304K [0x00000000d5580000, 0x00000000d7200000, 0x0000000100000000)
  eden space 22016K, 0% used [0x00000000d5580000,0x00000000d5580000,0x00000000d6b00000)
  from space 2560K, 90% used [0x00000000d6f80000,0x00000000d71c0000,0x00000000d7200000)
  to   space 2560K, 0% used [0x00000000d6d00000,0x00000000d6d00000,0x00000000d6f80000)
 ParOldGen       total 68608K, used 49578K [0x0000000080000000, 0x0000000084300000, 0x00000000d5580000)
  object space 68608K, 72% used [0x0000000080000000,0x000000008306a8b8,0x0000000084300000)
 Metaspace       used 63159K, committed 64576K, reserved 1114112K
  class space    used 7501K, committed 8128K, reserved 1048576K
}
Event: 24.354 GC heap before
{Heap before GC invocations=36 (full 3):
 PSYoungGen      total 24576K, used 24320K [0x00000000d5580000, 0x00000000d7200000, 0x0000000100000000)
  eden space 22016K, 100% used [0x00000000d5580000,0x00000000d6b00000,0x00000000d6b00000)
  from space 2560K, 90% used [0x00000000d6f80000,0x00000000d71c0000,0x00000000d7200000)
  to   space 2560K, 0% used [0x00000000d6d00000,0x00000000d6d00000,0x00000000d6f80000)
 ParOldGen       total 68608K, used 49578K [0x0000000080000000, 0x0000000084300000, 0x00000000d5580000)
  object space 68608K, 72% used [0x0000000080000000,0x000000008306a8b8,0x0000000084300000)
 Metaspace       used 63221K, committed 64640K, reserved 1114112K
  class space    used 7501K, committed 8128K, reserved 1048576K
}
Event: 24.359 GC heap after
{Heap after GC invocations=36 (full 3):
 PSYoungGen      total 24576K, used 2552K [0x00000000d5580000, 0x00000000d7100000, 0x0000000100000000)
  eden space 22016K, 0% used [0x00000000d5580000,0x00000000d5580000,0x00000000d6b00000)
  from space 2560K, 99% used [0x00000000d6d00000,0x00000000d6f7e210,0x00000000d6f80000)
  to   space 1536K, 0% used [0x00000000d6f80000,0x00000000d6f80000,0x00000000d7100000)
 ParOldGen       total 68608K, used 51770K [0x0000000080000000, 0x0000000084300000, 0x00000000d5580000)
  object space 68608K, 75% used [0x0000000080000000,0x000000008328e8b8,0x0000000084300000)
 Metaspace       used 63221K, committed 64640K, reserved 1114112K
  class space    used 7501K, committed 8128K, reserved 1048576K
}
Event: 32.792 GC heap before
{Heap before GC invocations=37 (full 3):
 PSYoungGen      total 24576K, used 24568K [0x00000000d5580000, 0x00000000d7100000, 0x0000000100000000)
  eden space 22016K, 100% used [0x00000000d5580000,0x00000000d6b00000,0x00000000d6b00000)
  from space 2560K, 99% used [0x00000000d6d00000,0x00000000d6f7e210,0x00000000d6f80000)
  to   space 1536K, 0% used [0x00000000d6f80000,0x00000000d6f80000,0x00000000d7100000)
 ParOldGen       total 68608K, used 51770K [0x0000000080000000, 0x0000000084300000, 0x00000000d5580000)
  object space 68608K, 75% used [0x0000000080000000,0x000000008328e8b8,0x0000000084300000)
 Metaspace       used 64878K, committed 66240K, reserved 1114112K
  class space    used 7712K, committed 8320K, reserved 1048576K
}
Event: 32.796 GC heap after
{Heap after GC invocations=37 (full 3):
 PSYoungGen      total 23552K, used 1504K [0x00000000d5580000, 0x00000000d7400000, 0x0000000100000000)
  eden space 22016K, 0% used [0x00000000d5580000,0x00000000d5580000,0x00000000d6b00000)
  from space 1536K, 97% used [0x00000000d6f80000,0x00000000d70f8030,0x00000000d7100000)
  to   space 4608K, 0% used [0x00000000d6b00000,0x00000000d6b00000,0x00000000d6f80000)
 ParOldGen       total 68608K, used 54202K [0x0000000080000000, 0x0000000084300000, 0x00000000d5580000)
  object space 68608K, 79% used [0x0000000080000000,0x00000000834eeac8,0x0000000084300000)
 Metaspace       used 64878K, committed 66240K, reserved 1114112K
  class space    used 7712K, committed 8320K, reserved 1048576K
}
Event: 104.285 GC heap before
{Heap before GC invocations=38 (full 3):
 PSYoungGen      total 23552K, used 23520K [0x00000000d5580000, 0x00000000d7400000, 0x0000000100000000)
  eden space 22016K, 100% used [0x00000000d5580000,0x00000000d6b00000,0x00000000d6b00000)
  from space 1536K, 97% used [0x00000000d6f80000,0x00000000d70f8030,0x00000000d7100000)
  to   space 4608K, 0% used [0x00000000d6b00000,0x00000000d6b00000,0x00000000d6f80000)
 ParOldGen       total 68608K, used 54202K [0x0000000080000000, 0x0000000084300000, 0x00000000d5580000)
  object space 68608K, 79% used [0x0000000080000000,0x00000000834eeac8,0x0000000084300000)
 Metaspace       used 67106K, committed 68480K, reserved 1114112K
  class space    used 7928K, committed 8512K, reserved 1048576K
}
Event: 104.501 GC heap after
{Heap after GC invocations=38 (full 3):
 PSYoungGen      total 24064K, used 1689K [0x00000000d5580000, 0x00000000d7000000, 0x0000000100000000)
  eden space 22016K, 0% used [0x00000000d5580000,0x00000000d5580000,0x00000000d6b00000)
  from space 2048K, 82% used [0x00000000d6b00000,0x00000000d6ca6470,0x00000000d6d00000)
  to   space 2560K, 0% used [0x00000000d6d80000,0x00000000d6d80000,0x00000000d7000000)
 ParOldGen       total 68608K, used 55591K [0x0000000080000000, 0x0000000084300000, 0x00000000d5580000)
  object space 68608K, 81% used [0x0000000080000000,0x0000000083649f98,0x0000000084300000)
 Metaspace       used 67106K, committed 68480K, reserved 1114112K
  class space    used 7928K, committed 8512K, reserved 1048576K
}
Event: 161886.155 GC heap before
{Heap before GC invocations=39 (full 3):
 PSYoungGen      total 24064K, used 23705K [0x00000000d5580000, 0x00000000d7000000, 0x0000000100000000)
  eden space 22016K, 100% used [0x00000000d5580000,0x00000000d6b00000,0x00000000d6b00000)
  from space 2048K, 82% used [0x00000000d6b00000,0x00000000d6ca6470,0x00000000d6d00000)
  to   space 2560K, 0% used [0x00000000d6d80000,0x00000000d6d80000,0x00000000d7000000)
 ParOldGen       total 68608K, used 55591K [0x0000000080000000, 0x0000000084300000, 0x00000000d5580000)
  object space 68608K, 81% used [0x0000000080000000,0x0000000083649f98,0x0000000084300000)
 Metaspace       used 68990K, committed 70336K, reserved 1114112K
  class space    used 8109K, committed 8704K, reserved 1048576K
}
Event: 161886.222 GC heap after
{Heap after GC invocations=39 (full 3):
 PSYoungGen      total 23040K, used 696K [0x00000000d5580000, 0x00000000d6e80000, 0x0000000100000000)
  eden space 22016K, 0% used [0x00000000d5580000,0x00000000d5580000,0x00000000d6b00000)
  from space 1024K, 68% used [0x00000000d6d80000,0x00000000d6e2e328,0x00000000d6e80000)
  to   space 1536K, 0% used [0x00000000d6b80000,0x00000000d6b80000,0x00000000d6d00000)
 ParOldGen       total 68608K, used 57073K [0x0000000080000000, 0x0000000084300000, 0x00000000d5580000)
  object space 68608K, 83% used [0x0000000080000000,0x00000000837bc7e0,0x0000000084300000)
 Metaspace       used 68990K, committed 70336K, reserved 1114112K
  class space    used 8109K, committed 8704K, reserved 1048576K
}

